000 (10416457.000.000) 12/31 02:34:31 Job submitted from host: <172.16.173.121:9618?addrs=172.16.173.121-9618&noUDP&sock=4901_41bf_4>
    DAG Node: step1_0
...
001 (10416457.000.000) 12/31 02:34:46 Job executing on host: <172.16.173.14:9618?addrs=172.16.173.14-9618&noUDP&sock=5045_0762_3>
...
005 (10416457.000.000) 12/31 02:34:48 Job terminated.
	(1) Normal termination (return value 0)
		Usr 0 00:00:01, Sys 0 00:00:00  -  Run Remote Usage
		Usr 0 00:00:00, Sys 0 00:00:00  -  Run Local Usage
		Usr 0 00:00:01, Sys 0 00:00:00  -  Total Remote Usage
		Usr 0 00:00:00, Sys 0 00:00:00  -  Total Local Usage
	0  -  Run Bytes Sent By Job
	0  -  Run Bytes Received By Job
	0  -  Total Bytes Sent By Job
	0  -  Total Bytes Received By Job
	Partitionable Resources :    Usage  Request Allocated
	   Cpus                 :                 1         1
	   Disk (KB)            :        1        1  17931458
	   Gpus                 :                           8
	   Memory (MB)          :        1     1024      1024
...
000 (10416458.000.000) 12/31 02:34:56 Job submitted from host: <172.16.173.121:9618?addrs=172.16.173.121-9618&noUDP&sock=4901_41bf_4>
    DAG Node: step2_0
...
001 (10416458.000.000) 12/31 02:34:56 Job executing on host: <172.16.173.14:9618?addrs=172.16.173.14-9618&noUDP&sock=5045_0762_3>
...
005 (10416458.000.000) 12/31 02:35:08 Job terminated.
	(1) Normal termination (return value 0)
		Usr 0 00:00:11, Sys 0 00:00:00  -  Run Remote Usage
		Usr 0 00:00:00, Sys 0 00:00:00  -  Run Local Usage
		Usr 0 00:00:11, Sys 0 00:00:00  -  Total Remote Usage
		Usr 0 00:00:00, Sys 0 00:00:00  -  Total Local Usage
	0  -  Run Bytes Sent By Job
	0  -  Run Bytes Received By Job
	0  -  Total Bytes Sent By Job
	0  -  Total Bytes Received By Job
	Partitionable Resources :    Usage  Request Allocated
	   Cpus                 :                 1         1
	   Disk (KB)            :        4        4  17931458
	   Gpus                 :                           8
	   Memory (MB)          :      163     1024      1024
...
000 (10416459.000.000) 12/31 02:35:16 Job submitted from host: <172.16.173.121:9618?addrs=172.16.173.121-9618&noUDP&sock=4901_41bf_4>
    DAG Node: step3_0
...
001 (10416459.000.000) 12/31 02:35:16 Job executing on host: <172.16.173.14:9618?addrs=172.16.173.14-9618&noUDP&sock=5045_0762_3>
...
005 (10416459.000.000) 12/31 02:35:18 Job terminated.
	(1) Normal termination (return value 0)
		Usr 0 00:00:01, Sys 0 00:00:00  -  Run Remote Usage
		Usr 0 00:00:00, Sys 0 00:00:00  -  Run Local Usage
		Usr 0 00:00:01, Sys 0 00:00:00  -  Total Remote Usage
		Usr 0 00:00:00, Sys 0 00:00:00  -  Total Local Usage
	0  -  Run Bytes Sent By Job
	0  -  Run Bytes Received By Job
	0  -  Total Bytes Sent By Job
	0  -  Total Bytes Received By Job
	Partitionable Resources :    Usage  Request Allocated
	   Cpus                 :                 1         1
	   Disk (KB)            :        3        3  17931458
	   Gpus                 :                           8
	   Memory (MB)          :        0     1024      1024
...
000 (10416460.000.000) 12/31 02:35:26 Job submitted from host: <172.16.173.121:9618?addrs=172.16.173.121-9618&noUDP&sock=4901_41bf_4>
    DAG Node: step1_1
...
001 (10416460.000.000) 12/31 02:35:26 Job executing on host: <172.16.173.14:9618?addrs=172.16.173.14-9618&noUDP&sock=5045_0762_3>
...
005 (10416460.000.000) 12/31 02:35:28 Job terminated.
	(1) Normal termination (return value 0)
		Usr 0 00:00:00, Sys 0 00:00:00  -  Run Remote Usage
		Usr 0 00:00:00, Sys 0 00:00:00  -  Run Local Usage
		Usr 0 00:00:00, Sys 0 00:00:00  -  Total Remote Usage
		Usr 0 00:00:00, Sys 0 00:00:00  -  Total Local Usage
	0  -  Run Bytes Sent By Job
	0  -  Run Bytes Received By Job
	0  -  Total Bytes Sent By Job
	0  -  Total Bytes Received By Job
	Partitionable Resources :    Usage  Request Allocated
	   Cpus                 :                 1         1
	   Disk (KB)            :        1        1  17931458
	   Gpus                 :                           8
	   Memory (MB)          :        0     1024      1024
...
000 (10416461.000.000) 12/31 02:35:36 Job submitted from host: <172.16.173.121:9618?addrs=172.16.173.121-9618&noUDP&sock=4901_41bf_4>
    DAG Node: step2_1
...
001 (10416461.000.000) 12/31 02:35:36 Job executing on host: <172.16.173.14:9618?addrs=172.16.173.14-9618&noUDP&sock=5045_0762_3>
...
005 (10416461.000.000) 12/31 02:35:47 Job terminated.
	(1) Normal termination (return value 0)
		Usr 0 00:00:09, Sys 0 00:00:00  -  Run Remote Usage
		Usr 0 00:00:00, Sys 0 00:00:00  -  Run Local Usage
		Usr 0 00:00:09, Sys 0 00:00:00  -  Total Remote Usage
		Usr 0 00:00:00, Sys 0 00:00:00  -  Total Local Usage
	0  -  Run Bytes Sent By Job
	0  -  Run Bytes Received By Job
	0  -  Total Bytes Sent By Job
	0  -  Total Bytes Received By Job
	Partitionable Resources :    Usage  Request Allocated
	   Cpus                 :                 1         1
	   Disk (KB)            :        4        4  17931458
	   Gpus                 :                           8
	   Memory (MB)          :      163     1024      1024
...
000 (10416462.000.000) 12/31 02:35:56 Job submitted from host: <172.16.173.121:9618?addrs=172.16.173.121-9618&noUDP&sock=4901_41bf_4>
    DAG Node: step3_1
...
001 (10416462.000.000) 12/31 02:35:56 Job executing on host: <172.16.173.14:9618?addrs=172.16.173.14-9618&noUDP&sock=5045_0762_3>
...
005 (10416462.000.000) 12/31 02:35:59 Job terminated.
	(1) Normal termination (return value 0)
		Usr 0 00:00:01, Sys 0 00:00:00  -  Run Remote Usage
		Usr 0 00:00:00, Sys 0 00:00:00  -  Run Local Usage
		Usr 0 00:00:01, Sys 0 00:00:00  -  Total Remote Usage
		Usr 0 00:00:00, Sys 0 00:00:00  -  Total Local Usage
	0  -  Run Bytes Sent By Job
	0  -  Run Bytes Received By Job
	0  -  Total Bytes Sent By Job
	0  -  Total Bytes Received By Job
	Partitionable Resources :    Usage  Request Allocated
	   Cpus                 :                 1         1
	   Disk (KB)            :        3        3  17931458
	   Gpus                 :                           8
	   Memory (MB)          :        0     1024      1024
...
000 (10416463.000.000) 12/31 02:36:06 Job submitted from host: <172.16.173.121:9618?addrs=172.16.173.121-9618&noUDP&sock=4901_41bf_4>
    DAG Node: step1_2
...
001 (10416463.000.000) 12/31 02:36:06 Job executing on host: <172.16.173.14:9618?addrs=172.16.173.14-9618&noUDP&sock=5045_0762_3>
...
005 (10416463.000.000) 12/31 02:36:08 Job terminated.
	(1) Normal termination (return value 0)
		Usr 0 00:00:00, Sys 0 00:00:00  -  Run Remote Usage
		Usr 0 00:00:00, Sys 0 00:00:00  -  Run Local Usage
		Usr 0 00:00:00, Sys 0 00:00:00  -  Total Remote Usage
		Usr 0 00:00:00, Sys 0 00:00:00  -  Total Local Usage
	0  -  Run Bytes Sent By Job
	0  -  Run Bytes Received By Job
	0  -  Total Bytes Sent By Job
	0  -  Total Bytes Received By Job
	Partitionable Resources :    Usage  Request Allocated
	   Cpus                 :                 1         1
	   Disk (KB)            :        1        1  17931458
	   Gpus                 :                           8
	   Memory (MB)          :        1     1024      1024
...
000 (10416464.000.000) 12/31 02:36:16 Job submitted from host: <172.16.173.121:9618?addrs=172.16.173.121-9618&noUDP&sock=4901_41bf_4>
    DAG Node: step2_2
...
001 (10416464.000.000) 12/31 02:36:16 Job executing on host: <172.16.173.14:9618?addrs=172.16.173.14-9618&noUDP&sock=5045_0762_3>
...
005 (10416464.000.000) 12/31 02:36:29 Job terminated.
	(1) Normal termination (return value 0)
		Usr 0 00:00:12, Sys 0 00:00:00  -  Run Remote Usage
		Usr 0 00:00:00, Sys 0 00:00:00  -  Run Local Usage
		Usr 0 00:00:12, Sys 0 00:00:00  -  Total Remote Usage
		Usr 0 00:00:00, Sys 0 00:00:00  -  Total Local Usage
	0  -  Run Bytes Sent By Job
	0  -  Run Bytes Received By Job
	0  -  Total Bytes Sent By Job
	0  -  Total Bytes Received By Job
	Partitionable Resources :    Usage  Request Allocated
	   Cpus                 :                 1         1
	   Disk (KB)            :        4        4  17931458
	   Gpus                 :                           8
	   Memory (MB)          :      163     1024      1024
...
000 (10416465.000.000) 12/31 02:36:36 Job submitted from host: <172.16.173.121:9618?addrs=172.16.173.121-9618&noUDP&sock=4901_41bf_4>
    DAG Node: step3_2
...
001 (10416465.000.000) 12/31 02:36:36 Job executing on host: <172.16.173.14:9618?addrs=172.16.173.14-9618&noUDP&sock=5045_0762_3>
...
005 (10416465.000.000) 12/31 02:36:38 Job terminated.
	(1) Normal termination (return value 0)
		Usr 0 00:00:01, Sys 0 00:00:00  -  Run Remote Usage
		Usr 0 00:00:00, Sys 0 00:00:00  -  Run Local Usage
		Usr 0 00:00:01, Sys 0 00:00:00  -  Total Remote Usage
		Usr 0 00:00:00, Sys 0 00:00:00  -  Total Local Usage
	0  -  Run Bytes Sent By Job
	0  -  Run Bytes Received By Job
	0  -  Total Bytes Sent By Job
	0  -  Total Bytes Received By Job
	Partitionable Resources :    Usage  Request Allocated
	   Cpus                 :                 1         1
	   Disk (KB)            :        3        3  17931458
	   Gpus                 :                           8
	   Memory (MB)          :        0     1024      1024
...
000 (10416466.000.000) 12/31 02:36:46 Job submitted from host: <172.16.173.121:9618?addrs=172.16.173.121-9618&noUDP&sock=4901_41bf_4>
    DAG Node: step4
...
001 (10416466.000.000) 12/31 02:36:46 Job executing on host: <172.16.173.14:9618?addrs=172.16.173.14-9618&noUDP&sock=5045_0762_3>
...
005 (10416466.000.000) 12/31 02:36:48 Job terminated.
	(1) Normal termination (return value 0)
		Usr 0 00:00:01, Sys 0 00:00:00  -  Run Remote Usage
		Usr 0 00:00:00, Sys 0 00:00:00  -  Run Local Usage
		Usr 0 00:00:01, Sys 0 00:00:00  -  Total Remote Usage
		Usr 0 00:00:00, Sys 0 00:00:00  -  Total Local Usage
	0  -  Run Bytes Sent By Job
	0  -  Run Bytes Received By Job
	0  -  Total Bytes Sent By Job
	0  -  Total Bytes Received By Job
	Partitionable Resources :    Usage  Request Allocated
	   Cpus                 :                 1         1
	   Disk (KB)            :        1        1  17931458
	   Gpus                 :                           8
	   Memory (MB)          :        0     1024      1024
...
